<?xml version="1.0" encoding="UTF-8"?>
<!-- Generated by org.testng.reporters.JUnitReportReporter -->
<testsuite hostname="Jays-MacBook-Pro.local" failures="0" tests="1" name="com.actitime.tyss.datadriverntesting.ReadDataFromPropertyFile_02test" time="0.020" errors="0" timestamp="2022-04-18T23:46:53 IST" skipped="0">
  <testcase classname="com.actitime.tyss.datadriverntesting.ReadDataFromPropertyFile_02test" name="ReadDataFromPropertyFile" time="0.020"/>
  <system-out/>
</testsuite> <!-- com.actitime.tyss.datadriverntesting.ReadDataFromPropertyFile_02test -->
