<?xml version="1.0" encoding="UTF-8"?>
<!-- Generated by org.testng.reporters.JUnitReportReporter -->
<testsuite hostname="Jays-MacBook-Pro.local" failures="0" tests="3" name="testNG.GroupExecutionClass_02" time="0.014" errors="0" timestamp="2022-04-18T17:50:04 IST" skipped="0">
  <testcase classname="testNG.GroupExecutionClass_02" name="atestCase_01Test" time="0.005"/>
  <system-out/>
  <testcase classname="testNG.GroupExecutionClass_02" name="atestCase_02Test" time="0.001"/>
  <system-out/>
  <testcase classname="testNG.GroupExecutionClass_02" name="atestCase_03Test" time="0.008"/>
  <system-out/>
</testsuite> <!-- testNG.GroupExecutionClass_02 -->
