<?xml version="1.0" encoding="UTF-8"?>
<!-- Generated by org.testng.reporters.JUnitReportReporter -->
<testsuite hostname="Jays-MacBook-Pro.local" failures="0" tests="5" name="testNG.BookTicketByReadingTheData" time="0.037" errors="0" timestamp="2022-04-18T17:07:35 IST" skipped="0">
  <testcase classname="testNG.BookTicketByReadingTheData" name="bookTicket" time="0.002"/>
  <system-out/>
  <testcase classname="testNG.BookTicketByReadingTheData" name="bookTicket" time="0.003"/>
  <system-out/>
  <testcase classname="testNG.BookTicketByReadingTheData" name="bookTicket" time="0.022"/>
  <system-out/>
  <testcase classname="testNG.BookTicketByReadingTheData" name="bookTicket" time="0.008"/>
  <system-out/>
  <testcase classname="testNG.BookTicketByReadingTheData" name="bookTicket" time="0.002"/>
  <system-out/>
</testsuite> <!-- testNG.BookTicketByReadingTheData -->
