<?xml version="1.0" encoding="UTF-8"?>
<!-- Generated by org.testng.reporters.JUnitReportReporter -->
<testsuite hostname="Jays-MacBook-Pro.local" failures="0" tests="3" name="testNG.GroupExecutionClass" time="0.016" errors="0" timestamp="2022-04-18T17:50:04 IST" skipped="0">
  <testcase classname="testNG.GroupExecutionClass" name="atestCase_02Test" time="0.003"/>
  <system-out/>
  <testcase classname="testNG.GroupExecutionClass" name="atestCase_03Test" time="0.002"/>
  <system-out/>
  <testcase classname="testNG.GroupExecutionClass" name="atestCase_01Test" time="0.011"/>
  <system-out/>
</testsuite> <!-- testNG.GroupExecutionClass -->
