<?xml version="1.0" encoding="UTF-8"?>
<!-- Generated by org.testng.reporters.JUnitReportReporter -->
<testsuite hostname="Jays-MacBook-Pro.local" failures="0" tests="1" name="com.forest.tyss.testng.Forest" time="0.013" errors="0" timestamp="2022-04-15T09:57:22 IST" skipped="0">
  <testcase classname="com.forest.tyss.testng.Forest" name="rhino" time="0.013"/>
  <system-out/>
</testsuite> <!-- com.forest.tyss.testng.Forest -->
