<?xml version="1.0" encoding="UTF-8"?>
<!-- Generated by org.testng.reporters.JUnitReportReporter -->
<testsuite hostname="Jays-MacBook-Pro.local" failures="0" tests="5" name="testNG.DataProviderInAnotherClass" time="0.018" errors="0" timestamp="2022-04-18T17:07:35 IST" skipped="0">
  <testcase classname="testNG.DataProviderInAnotherClass" name="bookTicketTest" time="0.001"/>
  <system-out/>
  <testcase classname="testNG.DataProviderInAnotherClass" name="bookTicketTest" time="0.003"/>
  <system-out/>
  <testcase classname="testNG.DataProviderInAnotherClass" name="bookTicketTest" time="0.008"/>
  <system-out/>
  <testcase classname="testNG.DataProviderInAnotherClass" name="bookTicketTest" time="0.005"/>
  <system-out/>
  <testcase classname="testNG.DataProviderInAnotherClass" name="bookTicketTest" time="0.001"/>
  <system-out/>
</testsuite> <!-- testNG.DataProviderInAnotherClass -->
