<?xml version="1.0" encoding="UTF-8"?>
<!-- Generated by org.testng.reporters.JUnitReportReporter -->
<testsuite hostname="Jays-MacBook-Pro.local" failures="0" tests="1" name="com.actitime.tyss.datadriverntesting.ReadDataFrom_01test" time="0.931" errors="0" timestamp="2022-04-18T16:22:53 IST" skipped="0">
  <testcase classname="com.actitime.tyss.datadriverntesting.ReadDataFrom_01test" name="ReadDataFrom" time="0.931"/>
  <system-out/>
</testsuite> <!-- com.actitime.tyss.datadriverntesting.ReadDataFrom_01test -->
