<?xml version="1.0" encoding="UTF-8"?>
<!-- Generated by org.testng.reporters.JUnitReportReporter -->
<testsuite hostname="Jays-MacBook-Pro.local" failures="0" tests="6" name="testNG.TestNGClass" time="0.051" errors="0" timestamp="2022-04-18T17:07:35 IST" skipped="0">
  <testcase classname="testNG.TestNGClass" name="testCase05Test" time="0.044"/>
  <system-out/>
  <testcase classname="testNG.TestNGClass" name="testCase02Test" time="0.001"/>
  <system-out/>
  <testcase classname="testNG.TestNGClass" name="testCase01Test" time="0.001"/>
  <system-out/>
  <testcase classname="testNG.TestNGClass" name="testCase03Test" time="0.002"/>
  <system-out/>
  <testcase classname="testNG.TestNGClass" name="testCase04Test" time="0.001"/>
  <system-out/>
  <testcase classname="testNG.TestNGClass" name="testCase06Test" time="0.002"/>
  <system-out/>
</testsuite> <!-- testNG.TestNGClass -->
